<?xml version="1.0" encoding="UTF-8"?>
<!-- Generated by org.testng.reporters.JUnitReportReporter -->
<testsuite hostname="IN-49D3FK3" failures="0" tests="1" name="jenkins.testcases.TC_02SecondCasestart" time="0.001" errors="0" timestamp="2024-01-23T11:03:32 IST" skipped="0">
  <testcase classname="jenkins.testcases.TC_02SecondCasestart" name="TestCase2" time="0.001"/>
</testsuite> <!-- jenkins.testcases.TC_02SecondCasestart -->
