<?xml version="1.0" encoding="UTF-8"?>
<!-- Generated by org.testng.reporters.JUnitReportReporter -->
<testsuite hostname="IN-49D3FK3" failures="0" tests="1" name="jenkins.testcases.TC_03ThirdCasestart" time="0.002" errors="0" timestamp="2024-01-23T11:03:32 IST" skipped="0">
  <testcase classname="jenkins.testcases.TC_03ThirdCasestart" name="TestCase3" time="0.002"/>
</testsuite> <!-- jenkins.testcases.TC_03ThirdCasestart -->
